
> backend@1.0.0 dev
> nodemon server.js

[33m[nodemon] 3.1.14[39m
[33m[nodemon] to restart at any time, enter `rs`[39m
[33m[nodemon] watching path(s): *.*[39m
[33m[nodemon] watching extensions: js,mjs,cjs,json[39m
[32m[nodemon] starting `node server.js`[39m
Database initialized
[31m[nodemon] app crashed - waiting for file changes before starting...[39m
[32m[nodemon] restarting due to changes...[39m
[32m[nodemon] starting `node server.js`[39m
Database initialized
Server running on port 5000
[32m[nodemon] restarting due to changes...[39m
[32m[nodemon] restarting due to changes...[39m
[32m[nodemon] starting `node server.js`[39m
Database initialized
[31m[nodemon] app crashed - waiting for file changes before starting...[39m
[32m[nodemon] restarting due to changes...[39m
[32m[nodemon] starting `node server.js`[39m
[32m[nodemon] restarting due to changes...[39m
[32m[nodemon] starting `node server.js`[39m
Database initialized
Server running on port 5000
[32m[nodemon] restarting due to changes...[39m
[32m[nodemon] starting `node server.js`[39m
[32m[nodemon] restarting due to changes...[39m
[32m[nodemon] starting `node server.js`[39m
Database initialized
[31m[nodemon] app crashed - waiting for file changes before starting...[39m
[32m[nodemon] restarting due to changes...[39m
[32m[nodemon] starting `node server.js`[39m
Database initialized
Server running on port 5000
[32m[nodemon] restarting due to changes...[39m
[32m[nodemon] starting `node server.js`[39m
Database initialized
[31m[nodemon] app crashed - waiting for file changes before starting...[39m
[32m[nodemon] restarting due to changes...[39m
[32m[nodemon] starting `node server.js`[39m
Database initialized
[31m[nodemon] app crashed - waiting for file changes before starting...[39m
[32m[nodemon] restarting due to changes...[39m
[32m[nodemon] starting `node server.js`[39m
Database initialized
Server running on port 5000
[0mGET /api/platforms/accounts [32m200[0m 1527.337 ms - 206[0m
[0mGET /api/platforms/accounts [36m304[0m 67.336 ms - -[0m
[0mPOST /api/recommendation/trend-content [32m200[0m 13829.868 ms - 5419[0m
[32m[nodemon] restarting due to changes...[39m
[32m[nodemon] starting `node server.js`[39m
Database initialized
[31m[nodemon] app crashed - waiting for file changes before starting...[39m
[32m[nodemon] restarting due to changes...[39m
[32m[nodemon] starting `node server.js`[39m
Database initialized
Server running on port 5000
[0mPOST /api/recommendation/trend-content [32m200[0m 12098.825 ms - 8799[0m
[32m[nodemon] restarting due to changes...[39m
[32m[nodemon] starting `node server.js`[39m
Database initialized
Server running on port 5000
[0mGET /api/platforms/accounts [36m304[0m 1913.366 ms - -[0m
[0mGET /api/platforms/accounts [36m304[0m 71.021 ms - -[0m
[0mPOST /api/recommendation/trend-content [32m200[0m 1571.966 ms - 8799[0m
[32m[nodemon] restarting due to changes...[39m
[32m[nodemon] starting `node server.js`[39m
Database initialized
[31m[nodemon] app crashed - waiting for file changes before starting...[39m
[32m[nodemon] restarting due to changes...[39m
[32m[nodemon] starting `node server.js`[39m
Database initialized
Server running on port 5000
[0mGET /api/platforms/accounts [36m304[0m 2651.700 ms - -[0m
[0mGET /api/platforms/accounts [36m304[0m 51.222 ms - -[0m
[0mPOST /api/recommendation/trend-content [32m200[0m 2819.875 ms - 2197[0m
[32m[nodemon] restarting due to changes...[39m
[32m[nodemon] starting `node server.js`[39m
Database initialized
Server running on port 5000
[32m[nodemon] restarting due to changes...[39m
[32m[nodemon] starting `node server.js`[39m
Database initialized
[31m[nodemon] app crashed - waiting for file changes before starting...[39m
[32m[nodemon] restarting due to changes...[39m
[32m[nodemon] starting `node server.js`[39m
Database initialized
Server running on port 5000
[0mGET /api/platforms/accounts [36m304[0m 3079.711 ms - -[0m
[0mGET /api/platforms/accounts [36m304[0m 62.589 ms - -[0m
[0mPOST /api/recommendation/trend-content [32m200[0m 27894.042 ms - 2315[0m
[0mPOST /api/recommendation/generate-script [32m200[0m 2503.354 ms - 3393[0m
[0mPOST /api/recommendation/generate-script [32m200[0m 2724.369 ms - 4180[0m
[0mPOST /api/recommendation/trend-content [32m200[0m 4903.065 ms - 1212[0m
[0mPOST /api/recommendation/generate-script [31m500[0m 1911.361 ms - 148[0m
[0mPOST /api/recommendation/generate-script [32m200[0m 2243.782 ms - 4280[0m
[0mPOST /api/recommendation/generate-script [32m200[0m 2084.290 ms - 3466[0m
[0mPOST /api/recommendation/generate-script [32m200[0m 1879.320 ms - 3843[0m
[0mPOST /api/recommendation/trend-content [32m200[0m 7109.946 ms - 2057[0m
[0mPOST /api/recommendation/generate-script [31m500[0m 2947.653 ms - 148[0m
[0mPOST /api/recommendation/generate-script [32m200[0m 2744.640 ms - 23[0m
[0mPOST /api/recommendation/trend-content [32m200[0m 2902.157 ms - 1988[0m
[0mPOST /api/recommendation/generate-script [32m200[0m 3192.642 ms - 4427[0m
[0mGET /api/platforms/accounts [36m304[0m 983.687 ms - -[0m
[0mGET /api/platforms/accounts [36m304[0m 177.426 ms - -[0m
[0mPOST /api/recommendation/trend-content [32m200[0m 3892.250 ms - 1071[0m
[0mPOST /api/recommendation/generate-script [32m200[0m 2668.845 ms - 5053[0m
[0mPOST /api/recommendation/generate-script [32m200[0m 3553.174 ms - 3438[0m
[0mGET /api/platforms/accounts [36m304[0m 2740.274 ms - -[0m
[0mGET /api/platforms/accounts [36m304[0m 79.895 ms - -[0m
[0mPOST /api/recommendation/trend-content [31m500[0m 5331.505 ms - 157[0m
[0mPOST /api/recommendation/trend-content [31m500[0m 2334.255 ms - 157[0m
[0mGET /api/platforms/accounts [36m304[0m 1446.559 ms - -[0m
[0mGET /api/platforms/accounts [36m304[0m 60.117 ms - -[0m
[0mPOST /api/recommendation/trend-content [32m200[0m 1166.681 ms - 1065[0m
[0mPOST /api/recommendation/generate-script [32m200[0m 3929.779 ms - 6158[0m
[0mPOST /api/recommendation/trend-content [32m200[0m 1347.913 ms - 976[0m
[0mPOST /api/recommendation/generate-script [32m200[0m 2141.792 ms - 2836[0m
[0mPOST /api/recommendation/generate-script [32m200[0m 2412.636 ms - 3991[0m
[0mGET /api/platforms/accounts [36m304[0m 2543.134 ms - -[0m
